# Logfile created on Tue Sep 22 11:09:27 +0400 2009 by /
  [4;36;1mPage Load (0.3ms)[0m   [0;1mSELECT * FROM "pages" WHERE ("pages"."parent_id" IS NULL) ORDER BY lft LIMIT 1[0m
  [4;36;1mPage Load (0.3ms)[0m   [0;1mSELECT * FROM "pages" WHERE ("pages"."parent_id" IS NULL) ORDER BY lft LIMIT 1[0m
  [4;36;1mPage Load (0.3ms)[0m   [0;1mSELECT * FROM "pages" WHERE ("pages"."path" = '/pages/') ORDER BY lft LIMIT 1[0m
  [4;36;1mPage Load (0.3ms)[0m   [0;1mSELECT * FROM "pages" WHERE ("pages"."path" = '/pages/') ORDER BY lft LIMIT 1[0m
  [4;36;1mPage Load (0.3ms)[0m   [0;1mSELECT * FROM "pages" WHERE ("pages"."path" = '/contacts/info') ORDER BY lft LIMIT 1[0m
  [4;36;1mPage Load (0.3ms)[0m   [0;1mSELECT * FROM "pages" WHERE ("pages"."path" = '/contacts/info') ORDER BY lft LIMIT 1[0m
  [4;35;1mSQL (0.9ms)[0m   [0m SELECT name
 FROM sqlite_master
 WHERE type = 'table' AND NOT name = 'sqlite_sequence'
[0m
  [4;36;1mPage Load (0.3ms)[0m   [0;1mSELECT * FROM "pages" WHERE ("pages"."path" = '/contacts/info') ORDER BY lft LIMIT 1[0m
  [4;35;1mSQL (1.0ms)[0m   [0m SELECT name
 FROM sqlite_master
 WHERE type = 'table' AND NOT name = 'sqlite_sequence'
[0m
  [4;36;1mPage Load (0.3ms)[0m   [0;1mSELECT * FROM "pages" WHERE ("pages"."path" = '/contacts/info') ORDER BY lft LIMIT 1[0m
  [4;35;1mSQL (12.7ms)[0m   [0m SELECT name
 FROM sqlite_master
 WHERE type = 'table' AND NOT name = 'sqlite_sequence'
[0m
  [4;36;1mPage Load (12.1ms)[0m   [0;1mSELECT * FROM "pages" WHERE ("pages"."path" = '/contacts/info') ORDER BY lft LIMIT 1[0m
  [4;35;1mSQL (1.0ms)[0m   [0m SELECT name
 FROM sqlite_master
 WHERE type = 'table' AND NOT name = 'sqlite_sequence'
[0m
  [4;36;1mPage Load (0.3ms)[0m   [0;1mSELECT * FROM "pages" WHERE ("pages"."path" = '/contacts/info') ORDER BY lft LIMIT 1[0m
  [4;36;1mPage Load (0.3ms)[0m   [0;1mSELECT * FROM "pages" WHERE ("pages"."path" = '/contacts/info') ORDER BY lft LIMIT 1[0m
  [4;36;1mPage Load (0.3ms)[0m   [0;1mSELECT * FROM "pages" WHERE ("pages"."path" = '/contacts/info') ORDER BY lft LIMIT 1[0m
  [4;36;1mPage Load (0.3ms)[0m   [0;1mSELECT * FROM "pages" WHERE ("pages"."path" = '/contacts/info') ORDER BY lft LIMIT 1[0m
  [4;36;1mPage Load (0.3ms)[0m   [0;1mSELECT * FROM "pages" WHERE ("pages"."path" = '/contacts/info') ORDER BY lft LIMIT 1[0m
  [4;36;1mPage Load (0.3ms)[0m   [0;1mSELECT * FROM "pages" WHERE ("pages"."path" = '/contacts/info') ORDER BY lft LIMIT 1[0m
  [4;36;1mPage Load (0.3ms)[0m   [0;1mSELECT * FROM "pages" WHERE ("pages"."path" = '/contacts/info') ORDER BY lft LIMIT 1[0m
  [4;36;1mPage Load (0.3ms)[0m   [0;1mSELECT * FROM "pages" WHERE ("pages"."path" = '/contacts/info') ORDER BY lft LIMIT 1[0m
  [4;35;1mSQL (0.9ms)[0m   [0m SELECT name
 FROM sqlite_master
 WHERE type = 'table' AND NOT name = 'sqlite_sequence'
[0m
  [4;36;1mPage Load (0.3ms)[0m   [0;1mSELECT * FROM "pages" WHERE ("pages"."path" = '/contacts/info') ORDER BY lft LIMIT 1[0m
  [4;35;1mSQL (0.9ms)[0m   [0m SELECT name
 FROM sqlite_master
 WHERE type = 'table' AND NOT name = 'sqlite_sequence'
[0m
  [4;36;1mPage Load (0.3ms)[0m   [0;1mSELECT * FROM "pages" WHERE ("pages"."path" = '/contacts/info') ORDER BY lft LIMIT 1[0m
  [4;35;1mSQL (0.9ms)[0m   [0m SELECT name
 FROM sqlite_master
 WHERE type = 'table' AND NOT name = 'sqlite_sequence'
[0m
  [4;36;1mPage Load (0.3ms)[0m   [0;1mSELECT * FROM "pages" WHERE ("pages"."path" = '/contacts/info') ORDER BY lft LIMIT 1[0m
  [4;35;1mSQL (0.9ms)[0m   [0m SELECT name
 FROM sqlite_master
 WHERE type = 'table' AND NOT name = 'sqlite_sequence'
[0m
  [4;36;1mPage Load (0.3ms)[0m   [0;1mSELECT * FROM "pages" WHERE ("pages"."path" = '/contacts/info') ORDER BY lft LIMIT 1[0m
  [4;35;1mSQL (0.9ms)[0m   [0m SELECT name
 FROM sqlite_master
 WHERE type = 'table' AND NOT name = 'sqlite_sequence'
[0m
  [4;36;1mPage Load (0.3ms)[0m   [0;1mSELECT * FROM "pages" WHERE ("pages"."path" = '/contacts/info') ORDER BY lft LIMIT 1[0m
  [4;35;1mSQL (0.9ms)[0m   [0m SELECT name
 FROM sqlite_master
 WHERE type = 'table' AND NOT name = 'sqlite_sequence'
[0m
  [4;36;1mPage Load (0.3ms)[0m   [0;1mSELECT * FROM "pages" WHERE ("pages"."path" = '/contacts/info') ORDER BY lft LIMIT 1[0m
  [4;35;1mSQL (1.7ms)[0m   [0m SELECT name
 FROM sqlite_master
 WHERE type = 'table' AND NOT name = 'sqlite_sequence'
[0m
  [4;36;1mPage Load (0.3ms)[0m   [0;1mSELECT * FROM "pages" WHERE ("pages"."path" = '/contacts/info') ORDER BY lft LIMIT 1[0m
  [4;35;1mSQL (0.9ms)[0m   [0m SELECT name
 FROM sqlite_master
 WHERE type = 'table' AND NOT name = 'sqlite_sequence'
[0m
  [4;36;1mPage Load (0.3ms)[0m   [0;1mSELECT * FROM "pages" WHERE ("pages"."path" = '/contacts/info') ORDER BY lft LIMIT 1[0m
  [4;35;1mSQL (0.9ms)[0m   [0m SELECT name
 FROM sqlite_master
 WHERE type = 'table' AND NOT name = 'sqlite_sequence'
[0m
  [4;36;1mPage Load (0.3ms)[0m   [0;1mSELECT * FROM "pages" WHERE ("pages"."path" = '/contacts/info') ORDER BY lft LIMIT 1[0m
  [4;35;1mSQL (0.9ms)[0m   [0m SELECT name
 FROM sqlite_master
 WHERE type = 'table' AND NOT name = 'sqlite_sequence'
[0m
  [4;36;1mPage Load (0.3ms)[0m   [0;1mSELECT * FROM "pages" WHERE ("pages"."path" = '/contacts/info') ORDER BY lft LIMIT 1[0m
  [4;35;1mSQL (0.9ms)[0m   [0m SELECT name
 FROM sqlite_master
 WHERE type = 'table' AND NOT name = 'sqlite_sequence'
[0m
  [4;36;1mPage Load (0.3ms)[0m   [0;1mSELECT * FROM "pages" WHERE ("pages"."path" = '/contacts/info') ORDER BY lft LIMIT 1[0m
  [4;35;1mSQL (0.9ms)[0m   [0m SELECT name
 FROM sqlite_master
 WHERE type = 'table' AND NOT name = 'sqlite_sequence'
[0m
  [4;36;1mPage Load (0.3ms)[0m   [0;1mSELECT * FROM "pages" WHERE ("pages"."path" = '/contacts/info') ORDER BY lft LIMIT 1[0m
  [4;35;1mSQL (0.9ms)[0m   [0m SELECT name
 FROM sqlite_master
 WHERE type = 'table' AND NOT name = 'sqlite_sequence'
[0m
  [4;36;1mPage Load (0.3ms)[0m   [0;1mSELECT * FROM "pages" WHERE ("pages"."path" = '/contacts/info') ORDER BY lft LIMIT 1[0m
  [4;35;1mSQL (0.9ms)[0m   [0m SELECT name
 FROM sqlite_master
 WHERE type = 'table' AND NOT name = 'sqlite_sequence'
[0m
  [4;36;1mPage Load (0.3ms)[0m   [0;1mSELECT * FROM "pages" WHERE ("pages"."path" = '/contacts/info') ORDER BY lft LIMIT 1[0m
  [4;35;1mSQL (0.9ms)[0m   [0m SELECT name
 FROM sqlite_master
 WHERE type = 'table' AND NOT name = 'sqlite_sequence'
[0m
  [4;36;1mPage Load (0.3ms)[0m   [0;1mSELECT * FROM "pages" WHERE ("pages"."path" = '/contacts/info') ORDER BY lft LIMIT 1[0m
  [4;35;1mSQL (0.9ms)[0m   [0m SELECT name
 FROM sqlite_master
 WHERE type = 'table' AND NOT name = 'sqlite_sequence'
[0m
  [4;36;1mPage Load (0.3ms)[0m   [0;1mSELECT * FROM "pages" WHERE ("pages"."path" = '/contacts/info') ORDER BY lft LIMIT 1[0m
  [4;35;1mSQL (0.9ms)[0m   [0m SELECT name
 FROM sqlite_master
 WHERE type = 'table' AND NOT name = 'sqlite_sequence'
[0m
  [4;36;1mPage Load (0.3ms)[0m   [0;1mSELECT * FROM "pages" WHERE ("pages"."path" = '/contacts/info') ORDER BY lft LIMIT 1[0m
  [4;35;1mSQL (0.9ms)[0m   [0m SELECT name
 FROM sqlite_master
 WHERE type = 'table' AND NOT name = 'sqlite_sequence'
[0m
  [4;36;1mPage Load (0.3ms)[0m   [0;1mSELECT * FROM "pages" WHERE ("pages"."path" = '/contacts/info') ORDER BY lft LIMIT 1[0m
  [4;35;1mSQL (1.0ms)[0m   [0m SELECT name
 FROM sqlite_master
 WHERE type = 'table' AND NOT name = 'sqlite_sequence'
[0m
  [4;36;1mPage Load (0.3ms)[0m   [0;1mSELECT * FROM "pages" WHERE ("pages"."path" = '/contacts/info') ORDER BY lft LIMIT 1[0m
  [4;35;1mSQL (0.9ms)[0m   [0m SELECT name
 FROM sqlite_master
 WHERE type = 'table' AND NOT name = 'sqlite_sequence'
[0m
  [4;36;1mPage Load (0.3ms)[0m   [0;1mSELECT * FROM "pages" WHERE ("pages"."path" = '/contacts/info') ORDER BY lft LIMIT 1[0m
  [4;35;1mSQL (0.9ms)[0m   [0m SELECT name
 FROM sqlite_master
 WHERE type = 'table' AND NOT name = 'sqlite_sequence'
[0m
  [4;36;1mPage Load (0.3ms)[0m   [0;1mSELECT * FROM "pages" WHERE ("pages"."path" = '/contacts/info') ORDER BY lft LIMIT 1[0m
  [4;35;1mSQL (0.9ms)[0m   [0m SELECT name
 FROM sqlite_master
 WHERE type = 'table' AND NOT name = 'sqlite_sequence'
[0m
  [4;36;1mPage Load (0.3ms)[0m   [0;1mSELECT * FROM "pages" WHERE ("pages"."path" = '/contacts/info') ORDER BY lft LIMIT 1[0m
  [4;35;1mSQL (0.9ms)[0m   [0m SELECT name
 FROM sqlite_master
 WHERE type = 'table' AND NOT name = 'sqlite_sequence'
[0m
  [4;36;1mPage Load (0.3ms)[0m   [0;1mSELECT * FROM "pages" WHERE ("pages"."path" = '/contacts/info') ORDER BY lft LIMIT 1[0m
  [4;35;1mSQL (0.9ms)[0m   [0m SELECT name
 FROM sqlite_master
 WHERE type = 'table' AND NOT name = 'sqlite_sequence'
[0m
  [4;36;1mPage Load (0.3ms)[0m   [0;1mSELECT * FROM "pages" WHERE ("pages"."path" = '/contacts/info') ORDER BY lft LIMIT 1[0m
  [4;35;1mSQL (0.9ms)[0m   [0m SELECT name
 FROM sqlite_master
 WHERE type = 'table' AND NOT name = 'sqlite_sequence'
[0m
  [4;36;1mPage Load (0.3ms)[0m   [0;1mSELECT * FROM "pages" WHERE ("pages"."path" = '/contacts/info') ORDER BY lft LIMIT 1[0m
  [4;35;1mSQL (0.9ms)[0m   [0m SELECT name
 FROM sqlite_master
 WHERE type = 'table' AND NOT name = 'sqlite_sequence'
[0m
  [4;36;1mPage Load (0.3ms)[0m   [0;1mSELECT * FROM "pages" WHERE ("pages"."path" = '/contacts/info') ORDER BY lft LIMIT 1[0m
  [4;35;1mSQL (0.9ms)[0m   [0m SELECT name
 FROM sqlite_master
 WHERE type = 'table' AND NOT name = 'sqlite_sequence'
[0m
  [4;36;1mPage Load (0.3ms)[0m   [0;1mSELECT * FROM "pages" WHERE ("pages"."path" = '/contacts/info') ORDER BY lft LIMIT 1[0m
  [4;35;1mSQL (0.9ms)[0m   [0m SELECT name
 FROM sqlite_master
 WHERE type = 'table' AND NOT name = 'sqlite_sequence'
[0m
  [4;36;1mPage Load (0.3ms)[0m   [0;1mSELECT * FROM "pages" WHERE ("pages"."path" = '/contacts/info') ORDER BY lft LIMIT 1[0m
  [4;35;1mSQL (0.9ms)[0m   [0m SELECT name
 FROM sqlite_master
 WHERE type = 'table' AND NOT name = 'sqlite_sequence'
[0m
  [4;36;1mPage Load (0.3ms)[0m   [0;1mSELECT * FROM "pages" WHERE ("pages"."path" = '/contacts/info') ORDER BY lft LIMIT 1[0m
  [4;35;1mSQL (0.9ms)[0m   [0m SELECT name
 FROM sqlite_master
 WHERE type = 'table' AND NOT name = 'sqlite_sequence'
[0m
  [4;36;1mPage Load (0.3ms)[0m   [0;1mSELECT * FROM "pages" WHERE ("pages"."path" = '/contacts/info') ORDER BY lft LIMIT 1[0m
  [4;35;1mSQL (0.9ms)[0m   [0m SELECT name
 FROM sqlite_master
 WHERE type = 'table' AND NOT name = 'sqlite_sequence'
[0m
  [4;36;1mPage Load (0.3ms)[0m   [0;1mSELECT * FROM "pages" WHERE ("pages"."path" = '/contacts/info') ORDER BY lft LIMIT 1[0m
  [4;35;1mSQL (1.0ms)[0m   [0m SELECT name
 FROM sqlite_master
 WHERE type = 'table' AND NOT name = 'sqlite_sequence'
[0m
  [4;36;1mPage Load (0.3ms)[0m   [0;1mSELECT * FROM "pages" WHERE ("pages"."path" = '/contacts/info') ORDER BY lft LIMIT 1[0m
  [4;35;1mSQL (1.1ms)[0m   [0m SELECT name
 FROM sqlite_master
 WHERE type = 'table' AND NOT name = 'sqlite_sequence'
[0m
  [4;36;1mPage Load (0.3ms)[0m   [0;1mSELECT * FROM "pages" WHERE ("pages"."path" = '/contacts/info') ORDER BY lft LIMIT 1[0m
  [4;35;1mSQL (0.9ms)[0m   [0m SELECT name
 FROM sqlite_master
 WHERE type = 'table' AND NOT name = 'sqlite_sequence'
[0m
  [4;36;1mPage Load (0.3ms)[0m   [0;1mSELECT * FROM "pages" WHERE ("pages"."path" = '/contacts/info') ORDER BY lft LIMIT 1[0m
  [4;35;1mSQL (0.9ms)[0m   [0m SELECT name
 FROM sqlite_master
 WHERE type = 'table' AND NOT name = 'sqlite_sequence'
[0m
  [4;36;1mPage Load (0.3ms)[0m   [0;1mSELECT * FROM "pages" WHERE ("pages"."path" = '/contacts/info') ORDER BY lft LIMIT 1[0m
  [4;35;1mSQL (0.9ms)[0m   [0m SELECT name
 FROM sqlite_master
 WHERE type = 'table' AND NOT name = 'sqlite_sequence'
[0m
  [4;36;1mPage Load (0.3ms)[0m   [0;1mSELECT * FROM "pages" WHERE ("pages"."path" = '/contacts/info') ORDER BY lft LIMIT 1[0m
  [4;36;1mPage Load (0.3ms)[0m   [0;1mSELECT * FROM "pages" WHERE ("pages"."path" = '/contacts/info') ORDER BY lft LIMIT 1[0m
  [4;36;1mSQL (1.4ms)[0m   [0;1m SELECT name
 FROM sqlite_master
 WHERE type = 'table' AND NOT name = 'sqlite_sequence'
[0m
  [4;35;1mSQL (0.9ms)[0m   [0m SELECT name
 FROM sqlite_master
 WHERE type = 'table' AND NOT name = 'sqlite_sequence'
[0m
  [4;36;1mSQL (1.0ms)[0m   [0;1m SELECT name
 FROM sqlite_master
 WHERE type = 'table' AND NOT name = 'sqlite_sequence'
[0m
  [4;35;1mSQL (0.8ms)[0m   [0m SELECT name
 FROM sqlite_master
 WHERE type = 'table' AND NOT name = 'sqlite_sequence'
[0m
  [4;36;1mSQL (1.4ms)[0m   [0;1m SELECT name
 FROM sqlite_master
 WHERE type = 'table' AND NOT name = 'sqlite_sequence'
[0m
  [4;35;1mSQL (1.5ms)[0m   [0m SELECT name
 FROM sqlite_master
 WHERE type = 'table' AND NOT name = 'sqlite_sequence'
[0m
  [4;36;1mSQL (1.4ms)[0m   [0;1m SELECT name
 FROM sqlite_master
 WHERE type = 'table' AND NOT name = 'sqlite_sequence'
[0m
  [4;35;1mSQL (1.4ms)[0m   [0m SELECT name
 FROM sqlite_master
 WHERE type = 'table' AND NOT name = 'sqlite_sequence'
[0m
  [4;36;1mSQL (1.5ms)[0m   [0;1m SELECT name
 FROM sqlite_master
 WHERE type = 'table' AND NOT name = 'sqlite_sequence'
[0m
  [4;35;1mSQL (1.2ms)[0m   [0m SELECT name
 FROM sqlite_master
 WHERE type = 'table' AND NOT name = 'sqlite_sequence'
[0m
  [4;36;1mSQL (1.4ms)[0m   [0;1m SELECT name
 FROM sqlite_master
 WHERE type = 'table' AND NOT name = 'sqlite_sequence'
[0m
  [4;35;1mSQL (1.2ms)[0m   [0m SELECT name
 FROM sqlite_master
 WHERE type = 'table' AND NOT name = 'sqlite_sequence'
[0m
  [4;36;1mSQL (1.4ms)[0m   [0;1m SELECT name
 FROM sqlite_master
 WHERE type = 'table' AND NOT name = 'sqlite_sequence'
[0m
  [4;35;1mSQL (1.6ms)[0m   [0m SELECT name
 FROM sqlite_master
 WHERE type = 'table' AND NOT name = 'sqlite_sequence'
[0m
  [4;36;1mSQL (1.5ms)[0m   [0;1m SELECT name
 FROM sqlite_master
 WHERE type = 'table' AND NOT name = 'sqlite_sequence'
[0m
  [4;35;1mSQL (1.5ms)[0m   [0m SELECT name
 FROM sqlite_master
 WHERE type = 'table' AND NOT name = 'sqlite_sequence'
[0m
  [4;36;1mSQL (1.4ms)[0m   [0;1m SELECT name
 FROM sqlite_master
 WHERE type = 'table' AND NOT name = 'sqlite_sequence'
[0m
  [4;35;1mSQL (0.9ms)[0m   [0m SELECT name
 FROM sqlite_master
 WHERE type = 'table' AND NOT name = 'sqlite_sequence'
[0m
